[2025-01-18 09:27:28] local.ERROR: SQLSTATE[42S02]: Base table or view not found: 1146 Table 'smoothservice.telescope_entries' doesn't exist (Connection: mysql, SQL: insert into `telescope_entries` (`batch_id`, `content`, `created_at`, `family_hash`, `type`, `uuid`) values (9dff29e1-873e-4d17-862d-999c7da329ca, {"command":"make:middleware","exit_code":0,"arguments":{"command":"make:middleware","name":"DynamicSessionDomain"},"options":{"test":false,"pest":false,"phpunit":false,"help":false,"silent":false,"quiet":false,"verbose":false,"version":false,"ansi":null,"no-interaction":false,"env":null},"hostname":"Sanjays-MacBook-Air.local"}, 2025-01-18 09:27:28, ?, command, 9dff29e1-83d3-43ad-ad14-e3d197d6c8a8)) {"exception":"[object] (Illuminate\\Database\\QueryException(code: 42S02): SQLSTATE[42S02]: Base table or view not found: 1146 Table 'smoothservice.telescope_entries' doesn't exist (Connection: mysql, SQL: insert into `telescope_entries` (`batch_id`, `content`, `created_at`, `family_hash`, `type`, `uuid`) values (9dff29e1-873e-4d17-862d-999c7da329ca, {\"command\":\"make:middleware\",\"exit_code\":0,\"arguments\":{\"command\":\"make:middleware\",\"name\":\"DynamicSessionDomain\"},\"options\":{\"test\":false,\"pest\":false,\"phpunit\":false,\"help\":false,\"silent\":false,\"quiet\":false,\"verbose\":false,\"version\":false,\"ansi\":null,\"no-interaction\":false,\"env\":null},\"hostname\":\"Sanjays-MacBook-Air.local\"}, 2025-01-18 09:27:28, ?, command, 9dff29e1-83d3-43ad-ad14-e3d197d6c8a8)) at /Applications/XAMPP/xamppfiles/htdocs/myworkplace/josh/new-repo/smoothservice/vendor/laravel/framework/src/Illuminate/Database/Connection.php:825)
[stacktrace]
#0 /Applications/XAMPP/xamppfiles/htdocs/myworkplace/josh/new-repo/smoothservice/vendor/laravel/framework/src/Illuminate/Database/Connection.php(779): Illuminate\\Database\\Connection->runQueryCallback('insert into `te...', Array, Object(Closure))
#1 /Applications/XAMPP/xamppfiles/htdocs/myworkplace/josh/new-repo/smoothservice/vendor/laravel/framework/src/Illuminate/Database/MySqlConnection.php(42): Illuminate\\Database\\Connection->run('insert into `te...', Array, Object(Closure))
#2 /Applications/XAMPP/xamppfiles/htdocs/myworkplace/josh/new-repo/smoothservice/vendor/laravel/framework/src/Illuminate/Database/Query/Builder.php(3748): Illuminate\\Database\\MySqlConnection->insert('insert into `te...', Array)
#3 /Applications/XAMPP/xamppfiles/htdocs/myworkplace/josh/new-repo/smoothservice/vendor/laravel/telescope/src/Storage/DatabaseEntriesRepository.php(145): Illuminate\\Database\\Query\\Builder->insert(Array)
#4 /Applications/XAMPP/xamppfiles/htdocs/myworkplace/josh/new-repo/smoothservice/vendor/laravel/framework/src/Illuminate/Collections/Traits/EnumeratesValues.php(259): Laravel\\Telescope\\Storage\\DatabaseEntriesRepository->Laravel\\Telescope\\Storage\\{closure}(Object(Illuminate\\Support\\Collection), 0)
#5 /Applications/XAMPP/xamppfiles/htdocs/myworkplace/josh/new-repo/smoothservice/vendor/laravel/telescope/src/Storage/DatabaseEntriesRepository.php(144): Illuminate\\Support\\Collection->each(Object(Closure))
#6 /Applications/XAMPP/xamppfiles/htdocs/myworkplace/josh/new-repo/smoothservice/vendor/laravel/telescope/src/Telescope.php(661): Laravel\\Telescope\\Storage\\DatabaseEntriesRepository->store(Object(Illuminate\\Support\\Collection))
#7 [internal function]: Laravel\\Telescope\\Telescope::Laravel\\Telescope\\{closure}()
#8 /Applications/XAMPP/xamppfiles/htdocs/myworkplace/josh/new-repo/smoothservice/vendor/laravel/telescope/src/Telescope.php(286): call_user_func(Object(Closure))
#9 /Applications/XAMPP/xamppfiles/htdocs/myworkplace/josh/new-repo/smoothservice/vendor/laravel/telescope/src/Telescope.php(653): Laravel\\Telescope\\Telescope::withoutRecording(Object(Closure))
#10 /Applications/XAMPP/xamppfiles/htdocs/myworkplace/josh/new-repo/smoothservice/vendor/laravel/telescope/src/ListensForStorageOpportunities.php(65): Laravel\\Telescope\\Telescope::store(Object(Laravel\\Telescope\\Storage\\DatabaseEntriesRepository))
#11 /Applications/XAMPP/xamppfiles/htdocs/myworkplace/josh/new-repo/smoothservice/vendor/laravel/framework/src/Illuminate/Container/BoundMethod.php(36): Laravel\\Telescope\\Telescope::Laravel\\Telescope\\{closure}()
#12 /Applications/XAMPP/xamppfiles/htdocs/myworkplace/josh/new-repo/smoothservice/vendor/laravel/framework/src/Illuminate/Container/Util.php(43): Illuminate\\Container\\BoundMethod::Illuminate\\Container\\{closure}()
#13 /Applications/XAMPP/xamppfiles/htdocs/myworkplace/josh/new-repo/smoothservice/vendor/laravel/framework/src/Illuminate/Container/BoundMethod.php(83): Illuminate\\Container\\Util::unwrapIfClosure(Object(Closure))
#14 /Applications/XAMPP/xamppfiles/htdocs/myworkplace/josh/new-repo/smoothservice/vendor/laravel/framework/src/Illuminate/Container/BoundMethod.php(35): Illuminate\\Container\\BoundMethod::callBoundMethod(Object(Illuminate\\Foundation\\Application), Object(Closure), Object(Closure))
#15 /Applications/XAMPP/xamppfiles/htdocs/myworkplace/josh/new-repo/smoothservice/vendor/laravel/framework/src/Illuminate/Container/Container.php(694): Illuminate\\Container\\BoundMethod::call(Object(Illuminate\\Foundation\\Application), Object(Closure), Array, NULL)
#16 /Applications/XAMPP/xamppfiles/htdocs/myworkplace/josh/new-repo/smoothservice/vendor/laravel/framework/src/Illuminate/Foundation/Application.php(1425): Illuminate\\Container\\Container->call(Object(Closure))
#17 /Applications/XAMPP/xamppfiles/htdocs/myworkplace/josh/new-repo/smoothservice/vendor/laravel/framework/src/Illuminate/Foundation/Console/Kernel.php(219): Illuminate\\Foundation\\Application->terminate()
#18 /Applications/XAMPP/xamppfiles/htdocs/myworkplace/josh/new-repo/smoothservice/vendor/laravel/framework/src/Illuminate/Foundation/Application.php(1213): Illuminate\\Foundation\\Console\\Kernel->terminate(Object(Symfony\\Component\\Console\\Input\\ArgvInput), 0)
#19 /Applications/XAMPP/xamppfiles/htdocs/myworkplace/josh/new-repo/smoothservice/artisan(13): Illuminate\\Foundation\\Application->handleCommand(Object(Symfony\\Component\\Console\\Input\\ArgvInput))
#20 {main}

[previous exception] [object] (PDOException(code: 42S02): SQLSTATE[42S02]: Base table or view not found: 1146 Table 'smoothservice.telescope_entries' doesn't exist at /Applications/XAMPP/xamppfiles/htdocs/myworkplace/josh/new-repo/smoothservice/vendor/laravel/framework/src/Illuminate/Database/MySqlConnection.php:47)
[stacktrace]
#0 /Applications/XAMPP/xamppfiles/htdocs/myworkplace/josh/new-repo/smoothservice/vendor/laravel/framework/src/Illuminate/Database/MySqlConnection.php(47): PDO->prepare('insert into `te...')
#1 /Applications/XAMPP/xamppfiles/htdocs/myworkplace/josh/new-repo/smoothservice/vendor/laravel/framework/src/Illuminate/Database/Connection.php(812): Illuminate\\Database\\MySqlConnection->Illuminate\\Database\\{closure}('insert into `te...', Array)
#2 /Applications/XAMPP/xamppfiles/htdocs/myworkplace/josh/new-repo/smoothservice/vendor/laravel/framework/src/Illuminate/Database/Connection.php(779): Illuminate\\Database\\Connection->runQueryCallback('insert into `te...', Array, Object(Closure))
#3 /Applications/XAMPP/xamppfiles/htdocs/myworkplace/josh/new-repo/smoothservice/vendor/laravel/framework/src/Illuminate/Database/MySqlConnection.php(42): Illuminate\\Database\\Connection->run('insert into `te...', Array, Object(Closure))
#4 /Applications/XAMPP/xamppfiles/htdocs/myworkplace/josh/new-repo/smoothservice/vendor/laravel/framework/src/Illuminate/Database/Query/Builder.php(3748): Illuminate\\Database\\MySqlConnection->insert('insert into `te...', Array)
#5 /Applications/XAMPP/xamppfiles/htdocs/myworkplace/josh/new-repo/smoothservice/vendor/laravel/telescope/src/Storage/DatabaseEntriesRepository.php(145): Illuminate\\Database\\Query\\Builder->insert(Array)
#6 /Applications/XAMPP/xamppfiles/htdocs/myworkplace/josh/new-repo/smoothservice/vendor/laravel/framework/src/Illuminate/Collections/Traits/EnumeratesValues.php(259): Laravel\\Telescope\\Storage\\DatabaseEntriesRepository->Laravel\\Telescope\\Storage\\{closure}(Object(Illuminate\\Support\\Collection), 0)
#7 /Applications/XAMPP/xamppfiles/htdocs/myworkplace/josh/new-repo/smoothservice/vendor/laravel/telescope/src/Storage/DatabaseEntriesRepository.php(144): Illuminate\\Support\\Collection->each(Object(Closure))
#8 /Applications/XAMPP/xamppfiles/htdocs/myworkplace/josh/new-repo/smoothservice/vendor/laravel/telescope/src/Telescope.php(661): Laravel\\Telescope\\Storage\\DatabaseEntriesRepository->store(Object(Illuminate\\Support\\Collection))
#9 [internal function]: Laravel\\Telescope\\Telescope::Laravel\\Telescope\\{closure}()
#10 /Applications/XAMPP/xamppfiles/htdocs/myworkplace/josh/new-repo/smoothservice/vendor/laravel/telescope/src/Telescope.php(286): call_user_func(Object(Closure))
#11 /Applications/XAMPP/xamppfiles/htdocs/myworkplace/josh/new-repo/smoothservice/vendor/laravel/telescope/src/Telescope.php(653): Laravel\\Telescope\\Telescope::withoutRecording(Object(Closure))
#12 /Applications/XAMPP/xamppfiles/htdocs/myworkplace/josh/new-repo/smoothservice/vendor/laravel/telescope/src/ListensForStorageOpportunities.php(65): Laravel\\Telescope\\Telescope::store(Object(Laravel\\Telescope\\Storage\\DatabaseEntriesRepository))
#13 /Applications/XAMPP/xamppfiles/htdocs/myworkplace/josh/new-repo/smoothservice/vendor/laravel/framework/src/Illuminate/Container/BoundMethod.php(36): Laravel\\Telescope\\Telescope::Laravel\\Telescope\\{closure}()
#14 /Applications/XAMPP/xamppfiles/htdocs/myworkplace/josh/new-repo/smoothservice/vendor/laravel/framework/src/Illuminate/Container/Util.php(43): Illuminate\\Container\\BoundMethod::Illuminate\\Container\\{closure}()
#15 /Applications/XAMPP/xamppfiles/htdocs/myworkplace/josh/new-repo/smoothservice/vendor/laravel/framework/src/Illuminate/Container/BoundMethod.php(83): Illuminate\\Container\\Util::unwrapIfClosure(Object(Closure))
#16 /Applications/XAMPP/xamppfiles/htdocs/myworkplace/josh/new-repo/smoothservice/vendor/laravel/framework/src/Illuminate/Container/BoundMethod.php(35): Illuminate\\Container\\BoundMethod::callBoundMethod(Object(Illuminate\\Foundation\\Application), Object(Closure), Object(Closure))
#17 /Applications/XAMPP/xamppfiles/htdocs/myworkplace/josh/new-repo/smoothservice/vendor/laravel/framework/src/Illuminate/Container/Container.php(694): Illuminate\\Container\\BoundMethod::call(Object(Illuminate\\Foundation\\Application), Object(Closure), Array, NULL)
#18 /Applications/XAMPP/xamppfiles/htdocs/myworkplace/josh/new-repo/smoothservice/vendor/laravel/framework/src/Illuminate/Foundation/Application.php(1425): Illuminate\\Container\\Container->call(Object(Closure))
#19 /Applications/XAMPP/xamppfiles/htdocs/myworkplace/josh/new-repo/smoothservice/vendor/laravel/framework/src/Illuminate/Foundation/Console/Kernel.php(219): Illuminate\\Foundation\\Application->terminate()
#20 /Applications/XAMPP/xamppfiles/htdocs/myworkplace/josh/new-repo/smoothservice/vendor/laravel/framework/src/Illuminate/Foundation/Application.php(1213): Illuminate\\Foundation\\Console\\Kernel->terminate(Object(Symfony\\Component\\Console\\Input\\ArgvInput), 0)
#21 /Applications/XAMPP/xamppfiles/htdocs/myworkplace/josh/new-repo/smoothservice/artisan(13): Illuminate\\Foundation\\Application->handleCommand(Object(Symfony\\Component\\Console\\Input\\ArgvInput))
#22 {main}
"} 
